# JRE version: Java(TM) SE Runtime Environment (8.0_181-b13) (build 1.8.0_181-b13)
# Java VM: Java HotSpot(TM) 64-Bit Server VM (25.181-b13 mixed mode windows-amd64 compressed oops)
Heap:
 PSYoungGen      total 5508608K, used 23904K [0x000000066ae00000, 0x00000007bfb00000, 0x00000007c0000000)
  eden space 5484544K, 0% used [0x000000066ae00000,0x000000066ae00000,0x00000007b9a00000)
  from space 24064K, 99% used [0x00000007b9a00000,0x00000007bb158000,0x00000007bb180000)
  to   space 49664K, 0% used [0x00000007bca80000,0x00000007bca80000,0x00000007bfb00000)
 ParOldGen       total 5322752K, used 5315954K [0x00000003c0a00000, 0x0000000505800000, 0x000000066ae00000)
  object space 5322752K, 99% used [0x00000003c0a00000,0x000000050515cac0,0x0000000505800000)
 Metaspace       used 31853K, capacity 32586K, committed 35888K, reserved 1081344K
  class space    used 4166K, capacity 4320K, committed 4912K, reserved 1048576K
GC Heap History (10 events):
Event: 2413.255 GC heap after
Heap after GC invocations=902 (full 7):
 PSYoungGen      total 5543424K, used 35904K [0x000000066ae00000, 0x00000007c0000000, 0x00000007c0000000)
  eden space 5507072K, 0% used [0x000000066ae00000,0x000000066ae00000,0x00000007bb000000)
  from space 36352K, 98% used [0x00000007bb000000,0x00000007bd310000,0x00000007bd380000)
  to   space 45568K, 0% used [0x00000007bd380000,0x00000007bd380000,0x00000007c0000000)
 ParOldGen       total 5322752K, used 5279946K [0x00000003c0a00000, 0x0000000505800000, 0x000000066ae00000)
  object space 5322752K, 99% used [0x00000003c0a00000,0x0000000502e32ac0,0x0000000505800000)
 Metaspace       used 31853K, capacity 32586K, committed 35888K, reserved 1081344K
  class space    used 4166K, capacity 4320K, committed 4912K, reserved 1048576K
}
Event: 2415.956 GC heap before
{Heap before GC invocations=903 (full 7):
 PSYoungGen      total 5543424K, used 5542976K [0x000000066ae00000, 0x00000007c0000000, 0x00000007c0000000)
  eden space 5507072K, 100% used [0x000000066ae00000,0x00000007bb000000,0x00000007bb000000)
  from space 36352K, 98% used [0x00000007bb000000,0x00000007bd310000,0x00000007bd380000)
  to   space 45568K, 0% used [0x00000007bd380000,0x00000007bd380000,0x00000007c0000000)
 ParOldGen       total 5322752K, used 5279946K [0x00000003c0a00000, 0x0000000505800000, 0x000000066ae00000)
  object space 5322752K, 99% used [0x00000003c0a00000,0x0000000502e32ac0,0x0000000505800000)
 Metaspace       used 31853K, capacity 32586K, committed 35888K, reserved 1081344K
  class space    used 4166K, capacity 4320K, committed 4912K, reserved 1048576K
Event: 2415.996 GC heap after
Heap after GC invocations=903 (full 7):
 PSYoungGen      total 5536256K, used 35872K [0x000000066ae00000, 0x00000007c0000000, 0x00000007c0000000)
  eden space 5490688K, 0% used [0x000000066ae00000,0x000000066ae00000,0x00000007ba000000)
  from space 45568K, 78% used [0x00000007bd380000,0x00000007bf688000,0x00000007c0000000)
  to   space 49152K, 0% used [0x00000007ba000000,0x00000007ba000000,0x00000007bd000000)
 ParOldGen       total 5322752K, used 5285970K [0x00000003c0a00000, 0x0000000505800000, 0x000000066ae00000)
  object space 5322752K, 99% used [0x00000003c0a00000,0x0000000503414ac0,0x0000000505800000)
 Metaspace       used 31853K, capacity 32586K, committed 35888K, reserved 1081344K
  class space    used 4166K, capacity 4320K, committed 4912K, reserved 1048576K
}
Event: 2418.421 GC heap before
{Heap before GC invocations=904 (full 7):
 PSYoungGen      total 5536256K, used 5526560K [0x000000066ae00000, 0x00000007c0000000, 0x00000007c0000000)
  eden space 5490688K, 100% used [0x000000066ae00000,0x00000007ba000000,0x00000007ba000000)
  from space 45568K, 78% used [0x00000007bd380000,0x00000007bf688000,0x00000007c0000000)
  to   space 49152K, 0% used [0x00000007ba000000,0x00000007ba000000,0x00000007bd000000)
 ParOldGen       total 5322752K, used 5285970K [0x00000003c0a00000, 0x0000000505800000, 0x000000066ae00000)
  object space 5322752K, 99% used [0x00000003c0a00000,0x0000000503414ac0,0x0000000505800000)
 Metaspace       used 31853K, capacity 32586K, committed 35888K, reserved 1081344K
  class space    used 4166K, capacity 4320K, committed 4912K, reserved 1048576K
Event: 2418.474 GC heap after
Heap after GC invocations=904 (full 7):
 PSYoungGen      total 5526528K, used 35840K [0x000000066ae00000, 0x00000007c0000000, 0x00000007c0000000)
  eden space 5490688K, 0% used [0x000000066ae00000,0x000000066ae00000,0x00000007ba000000)
  from space 35840K, 100% used [0x00000007ba000000,0x00000007bc300000,0x00000007bc300000)
  to   space 52224K, 0% used [0x00000007bcd00000,0x00000007bcd00000,0x00000007c0000000)
 ParOldGen       total 5322752K, used 5291978K [0x00000003c0a00000, 0x0000000505800000, 0x000000066ae00000)
  object space 5322752K, 99% used [0x00000003c0a00000,0x00000005039f2ac0,0x0000000505800000)
 Metaspace       used 31853K, capacity 32586K, committed 35888K, reserved 1081344K
  class space    used 4166K, capacity 4320K, committed 4912K, reserved 1048576K
}
Event: 2421.486 GC heap before
{Heap before GC invocations=905 (full 7):
 PSYoungGen      total 5526528K, used 5526528K [0x000000066ae00000, 0x00000007c0000000, 0x00000007c0000000)
  eden space 5490688K, 100% used [0x000000066ae00000,0x00000007ba000000,0x00000007ba000000)
  from space 35840K, 100% used [0x00000007ba000000,0x00000007bc300000,0x00000007bc300000)
  to   space 52224K, 0% used [0x00000007bcd00000,0x00000007bcd00000,0x00000007c0000000)
 ParOldGen       total 5322752K, used 5291978K [0x00000003c0a00000, 0x0000000505800000, 0x000000066ae00000)
  object space 5322752K, 99% used [0x00000003c0a00000,0x00000005039f2ac0,0x0000000505800000)
 Metaspace       used 31853K, capacity 32586K, committed 35888K, reserved 1081344K
  class space    used 4166K, capacity 4320K, committed 4912K, reserved 1048576K
Event: 2421.539 GC heap after
Heap after GC invocations=905 (full 7):
 PSYoungGen      total 5536768K, used 29888K [0x000000066ae00000, 0x00000007c0000000, 0x00000007c0000000)
  eden space 5484544K, 0% used [0x000000066ae00000,0x000000066ae00000,0x00000007b9a00000)
  from space 52224K, 57% used [0x00000007bcd00000,0x00000007bea30000,0x00000007c0000000)
  to   space 52224K, 0% used [0x00000007b9a00000,0x00000007b9a00000,0x00000007bcd00000)
 ParOldGen       total 5322752K, used 5303930K [0x00000003c0a00000, 0x0000000505800000, 0x000000066ae00000)
  object space 5322752K, 99% used [0x00000003c0a00000,0x000000050459eac0,0x0000000505800000)
 Metaspace       used 31853K, capacity 32586K, committed 35888K, reserved 1081344K
  class space    used 4166K, capacity 4320K, committed 4912K, reserved 1048576K
}
Event: 2424.566 GC heap before
{Heap before GC invocations=906 (full 7):
 PSYoungGen      total 5536768K, used 5514432K [0x000000066ae00000, 0x00000007c0000000, 0x00000007c0000000)
  eden space 5484544K, 100% used [0x000000066ae00000,0x00000007b9a00000,0x00000007b9a00000)
  from space 52224K, 57% used [0x00000007bcd00000,0x00000007bea30000,0x00000007c0000000)
  to   space 52224K, 0% used [0x00000007b9a00000,0x00000007b9a00000,0x00000007bcd00000)
 ParOldGen       total 5322752K, used 5303930K [0x00000003c0a00000, 0x0000000505800000, 0x000000066ae00000)
  object space 5322752K, 99% used [0x00000003c0a00000,0x000000050459eac0,0x0000000505800000)
 Metaspace       used 31853K, capacity 32586K, committed 35888K, reserved 1081344K
  class space    used 4166K, capacity 4320K, committed 4912K, reserved 1048576K
Event: 2424.602 GC heap after
Heap after GC invocations=906 (full 7):
 PSYoungGen      total 5508608K, used 23904K [0x000000066ae00000, 0x00000007bfb00000, 0x00000007c0000000)
  eden space 5484544K, 0% used [0x000000066ae00000,0x000000066ae00000,0x00000007b9a00000)
  from space 24064K, 99% used [0x00000007b9a00000,0x00000007bb158000,0x00000007bb180000)
  to   space 49664K, 0% used [0x00000007bca80000,0x00000007bca80000,0x00000007bfb00000)
 ParOldGen       total 5322752K, used 5315954K [0x00000003c0a00000, 0x0000000505800000, 0x000000066ae00000)
  object space 5322752K, 99% used [0x00000003c0a00000,0x000000050515cac0,0x0000000505800000)
 Metaspace       used 31853K, capacity 32586K, committed 35888K, reserved 1081344K
  class space    used 4166K, capacity 4320K, committed 4912K, reserved 1048576K
}
Event: 2424.602 GC heap before
{Heap before GC invocations=907 (full 8):
 PSYoungGen      total 5508608K, used 23904K [0x000000066ae00000, 0x00000007bfb00000, 0x00000007c0000000)
  eden space 5484544K, 0% used [0x000000066ae00000,0x000000066ae00000,0x00000007b9a00000)
  from space 24064K, 99% used [0x00000007b9a00000,0x00000007bb158000,0x00000007bb180000)
  to   space 49664K, 0% used [0x00000007bca80000,0x00000007bca80000,0x00000007bfb00000)
 ParOldGen       total 5322752K, used 5315954K [0x00000003c0a00000, 0x0000000505800000, 0x000000066ae00000)
  object space 5322752K, 99% used [0x00000003c0a00000,0x000000050515cac0,0x0000000505800000)
 Metaspace       used 31853K, capacity 32586K, committed 35888K, reserved 1081344K
  class space    used 4166K, capacity 4320K, committed 4912K, reserved 1048576K

