# JRE version: Java(TM) SE Runtime Environment (8.0_66-b17) (build 1.8.0_66-b17)
# Java VM: Java HotSpot(TM) 64-Bit Server VM (25.66-b17 mixed mode windows-amd64 compressed oops)
Heap:
 PSYoungGen      total 56320K, used 15114K [0x0000000781900000, 0x0000000785780000, 0x00000007c0000000)
  eden space 48640K, 15% used [0x0000000781900000,0x0000000782043740,0x0000000784880000)
  from space 7680K, 99% used [0x0000000785000000,0x000000078577f468,0x0000000785780000)
  to   space 7680K, 0% used [0x0000000784880000,0x0000000784880000,0x0000000785000000)
 ParOldGen       total 128512K, used 6125K [0x0000000704a00000, 0x000000070c780000, 0x0000000781900000)
  object space 128512K, 4% used [0x0000000704a00000,0x0000000704ffb7a8,0x000000070c780000)
 Metaspace       used 14968K, capacity 15216K, committed 15360K, reserved 1062912K
  class space    used 1912K, capacity 1980K, committed 2048K, reserved 1048576K
GC Heap History (4 events):
Event: 1.404 GC heap before
{Heap before GC invocations=1 (full 0):
 PSYoungGen      total 56320K, used 48640K [0x0000000781900000, 0x0000000785780000, 0x00000007c0000000)
  eden space 48640K, 100% used [0x0000000781900000,0x0000000784880000,0x0000000784880000)
  from space 7680K, 0% used [0x0000000785000000,0x0000000785000000,0x0000000785780000)
  to   space 7680K, 0% used [0x0000000784880000,0x0000000784880000,0x0000000785000000)
 ParOldGen       total 128512K, used 0K [0x0000000704a00000, 0x000000070c780000, 0x0000000781900000)
  object space 128512K, 0% used [0x0000000704a00000,0x0000000704a00000,0x000000070c780000)
 Metaspace       used 7951K, capacity 8028K, committed 8192K, reserved 1056768K
  class space    used 943K, capacity 948K, committed 1024K, reserved 1048576K
Event: 1.414 GC heap after
Heap after GC invocations=1 (full 0):
 PSYoungGen      total 56320K, used 7656K [0x0000000781900000, 0x0000000785780000, 0x00000007c0000000)
  eden space 48640K, 0% used [0x0000000781900000,0x0000000781900000,0x0000000784880000)
  from space 7680K, 99% used [0x0000000784880000,0x0000000784ffa050,0x0000000785000000)
  to   space 7680K, 0% used [0x0000000785000000,0x0000000785000000,0x0000000785780000)
 ParOldGen       total 128512K, used 1983K [0x0000000704a00000, 0x000000070c780000, 0x0000000781900000)
  object space 128512K, 1% used [0x0000000704a00000,0x0000000704beff78,0x000000070c780000)
 Metaspace       used 7951K, capacity 8028K, committed 8192K, reserved 1056768K
  class space    used 943K, capacity 948K, committed 1024K, reserved 1048576K
}
Event: 2.606 GC heap before
{Heap before GC invocations=2 (full 0):
 PSYoungGen      total 56320K, used 56296K [0x0000000781900000, 0x0000000785780000, 0x00000007c0000000)
  eden space 48640K, 100% used [0x0000000781900000,0x0000000784880000,0x0000000784880000)
  from space 7680K, 99% used [0x0000000784880000,0x0000000784ffa050,0x0000000785000000)
  to   space 7680K, 0% used [0x0000000785000000,0x0000000785000000,0x0000000785780000)
 ParOldGen       total 128512K, used 1983K [0x0000000704a00000, 0x000000070c780000, 0x0000000781900000)
  object space 128512K, 1% used [0x0000000704a00000,0x0000000704beff78,0x000000070c780000)
 Metaspace       used 14104K, capacity 14308K, committed 14464K, reserved 1062912K
  class space    used 1772K, capacity 1848K, committed 1920K, reserved 1048576K
Event: 2.621 GC heap after
Heap after GC invocations=2 (full 0):
 PSYoungGen      total 56320K, used 7677K [0x0000000781900000, 0x0000000785780000, 0x00000007c0000000)
  eden space 48640K, 0% used [0x0000000781900000,0x0000000781900000,0x0000000784880000)
  from space 7680K, 99% used [0x0000000785000000,0x000000078577f468,0x0000000785780000)
  to   space 7680K, 0% used [0x0000000784880000,0x0000000784880000,0x0000000785000000)
 ParOldGen       total 128512K, used 6125K [0x0000000704a00000, 0x000000070c780000, 0x0000000781900000)
  object space 128512K, 4% used [0x0000000704a00000,0x0000000704ffb7a8,0x000000070c780000)
 Metaspace       used 14104K, capacity 14308K, committed 14464K, reserved 1062912K
  class space    used 1772K, capacity 1848K, committed 1920K, reserved 1048576K
}

