# JRE version: Java(TM) SE Runtime Environment (8.0_181-b13) (build 1.8.0_181-b13)
# Java VM: Java HotSpot(TM) 64-Bit Server VM (25.181-b13 mixed mode windows-amd64 compressed oops)
Heap:
 PSYoungGen      total 4728320K, used 3902464K [0x000000066ae00000, 0x00000007c0000000, 0x00000007c0000000)
  eden space 3902464K, 100% used [0x000000066ae00000,0x0000000759100000,0x0000000759100000)
  from space 825856K, 0% used [0x000000078d980000,0x000000078d980000,0x00000007c0000000)
  to   space 843264K, 0% used [0x0000000759100000,0x0000000759100000,0x000000078c880000)
 ParOldGen       total 11177984K, used 11177908K [0x00000003c0a00000, 0x000000066ae00000, 0x000000066ae00000)
  object space 11177984K, 99% used [0x00000003c0a00000,0x000000066aded268,0x000000066ae00000)
 Metaspace       used 32029K, capacity 32676K, committed 35840K, reserved 1081344K
  class space    used 4107K, capacity 4269K, committed 4864K, reserved 1048576K
GC Heap History (10 events):
Event: 7039.120 GC heap after
Heap after GC invocations=963 (full 825):
 PSYoungGen      total 4728320K, used 2174259K [0x000000066ae00000, 0x00000007c0000000, 0x00000007c0000000)
  eden space 3902464K, 55% used [0x000000066ae00000,0x00000006ef94cde8,0x0000000759100000)
  from space 825856K, 0% used [0x000000078d980000,0x000000078d980000,0x00000007c0000000)
  to   space 843264K, 0% used [0x0000000759100000,0x0000000759100000,0x000000078c880000)
 ParOldGen       total 11177984K, used 11177621K [0x00000003c0a00000, 0x000000066ae00000, 0x000000066ae00000)
  object space 11177984K, 99% used [0x00000003c0a00000,0x000000066ada57a8,0x000000066ae00000)
 Metaspace       used 32029K, capacity 32676K, committed 35840K, reserved 1081344K
  class space    used 4107K, capacity 4269K, committed 4864K, reserved 1048576K
}
Event: 7039.510 GC heap before
{Heap before GC invocations=964 (full 826):
 PSYoungGen      total 4728320K, used 3902464K [0x000000066ae00000, 0x00000007c0000000, 0x00000007c0000000)
  eden space 3902464K, 100% used [0x000000066ae00000,0x0000000759100000,0x0000000759100000)
  from space 825856K, 0% used [0x000000078d980000,0x000000078d980000,0x00000007c0000000)
  to   space 843264K, 0% used [0x0000000759100000,0x0000000759100000,0x000000078c880000)
 ParOldGen       total 11177984K, used 11177621K [0x00000003c0a00000, 0x000000066ae00000, 0x000000066ae00000)
  object space 11177984K, 99% used [0x00000003c0a00000,0x000000066ada57a8,0x000000066ae00000)
 Metaspace       used 32029K, capacity 32676K, committed 35840K, reserved 1081344K
  class space    used 4107K, capacity 4269K, committed 4864K, reserved 1048576K
Event: 7046.477 GC heap after
Heap after GC invocations=964 (full 826):
 PSYoungGen      total 4728320K, used 1958253K [0x000000066ae00000, 0x00000007c0000000, 0x00000007c0000000)
  eden space 3902464K, 50% used [0x000000066ae00000,0x00000006e265b698,0x0000000759100000)
  from space 825856K, 0% used [0x000000078d980000,0x000000078d980000,0x00000007c0000000)
  to   space 843264K, 0% used [0x0000000759100000,0x0000000759100000,0x000000078c880000)
 ParOldGen       total 11177984K, used 11177604K [0x00000003c0a00000, 0x000000066ae00000, 0x000000066ae00000)
  object space 11177984K, 99% used [0x00000003c0a00000,0x000000066ada1250,0x000000066ae00000)
 Metaspace       used 32029K, capacity 32676K, committed 35840K, reserved 1081344K
  class space    used 4107K, capacity 4269K, committed 4864K, reserved 1048576K
}
Event: 7046.919 GC heap before
{Heap before GC invocations=965 (full 827):
 PSYoungGen      total 4728320K, used 3902464K [0x000000066ae00000, 0x00000007c0000000, 0x00000007c0000000)
  eden space 3902464K, 100% used [0x000000066ae00000,0x0000000759100000,0x0000000759100000)
  from space 825856K, 0% used [0x000000078d980000,0x000000078d980000,0x00000007c0000000)
  to   space 843264K, 0% used [0x0000000759100000,0x0000000759100000,0x000000078c880000)
 ParOldGen       total 11177984K, used 11177604K [0x00000003c0a00000, 0x000000066ae00000, 0x000000066ae00000)
  object space 11177984K, 99% used [0x00000003c0a00000,0x000000066ada1250,0x000000066ae00000)
 Metaspace       used 32029K, capacity 32676K, committed 35840K, reserved 1081344K
  class space    used 4107K, capacity 4269K, committed 4864K, reserved 1048576K
Event: 7054.505 GC heap after
Heap after GC invocations=965 (full 827):
 PSYoungGen      total 4728320K, used 1986524K [0x000000066ae00000, 0x00000007c0000000, 0x00000007c0000000)
  eden space 3902464K, 50% used [0x000000066ae00000,0x00000006e41f71a0,0x0000000759100000)
  from space 825856K, 0% used [0x000000078d980000,0x000000078d980000,0x00000007c0000000)
  to   space 843264K, 0% used [0x0000000759100000,0x0000000759100000,0x000000078c880000)
 ParOldGen       total 11177984K, used 11177908K [0x00000003c0a00000, 0x000000066ae00000, 0x000000066ae00000)
  object space 11177984K, 99% used [0x00000003c0a00000,0x000000066aded268,0x000000066ae00000)
 Metaspace       used 32029K, capacity 32676K, committed 35840K, reserved 1081344K
  class space    used 4107K, capacity 4269K, committed 4864K, reserved 1048576K
}
Event: 7054.944 GC heap before
{Heap before GC invocations=966 (full 828):
 PSYoungGen      total 4728320K, used 3902464K [0x000000066ae00000, 0x00000007c0000000, 0x00000007c0000000)
  eden space 3902464K, 100% used [0x000000066ae00000,0x0000000759100000,0x0000000759100000)
  from space 825856K, 0% used [0x000000078d980000,0x000000078d980000,0x00000007c0000000)
  to   space 843264K, 0% used [0x0000000759100000,0x0000000759100000,0x000000078c880000)
 ParOldGen       total 11177984K, used 11177908K [0x00000003c0a00000, 0x000000066ae00000, 0x000000066ae00000)
  object space 11177984K, 99% used [0x00000003c0a00000,0x000000066aded268,0x000000066ae00000)
 Metaspace       used 32029K, capacity 32676K, committed 35840K, reserved 1081344K
  class space    used 4107K, capacity 4269K, committed 4864K, reserved 1048576K
Event: 7060.847 GC heap after
Heap after GC invocations=966 (full 828):
 PSYoungGen      total 4728320K, used 2019954K [0x000000066ae00000, 0x00000007c0000000, 0x00000007c0000000)
  eden space 3902464K, 51% used [0x000000066ae00000,0x00000006e629c8e8,0x0000000759100000)
  from space 825856K, 0% used [0x000000078d980000,0x000000078d980000,0x00000007c0000000)
  to   space 843264K, 0% used [0x0000000759100000,0x0000000759100000,0x000000078c880000)
 ParOldGen       total 11177984K, used 11177908K [0x00000003c0a00000, 0x000000066ae00000, 0x000000066ae00000)
  object space 11177984K, 99% used [0x00000003c0a00000,0x000000066aded268,0x000000066ae00000)
 Metaspace       used 32029K, capacity 32676K, committed 35840K, reserved 1081344K
  class space    used 4107K, capacity 4269K, committed 4864K, reserved 1048576K
}
Event: 7061.256 GC heap before
{Heap before GC invocations=967 (full 829):
 PSYoungGen      total 4728320K, used 3902464K [0x000000066ae00000, 0x00000007c0000000, 0x00000007c0000000)
  eden space 3902464K, 100% used [0x000000066ae00000,0x0000000759100000,0x0000000759100000)
  from space 825856K, 0% used [0x000000078d980000,0x000000078d980000,0x00000007c0000000)
  to   space 843264K, 0% used [0x0000000759100000,0x0000000759100000,0x000000078c880000)
 ParOldGen       total 11177984K, used 11177908K [0x00000003c0a00000, 0x000000066ae00000, 0x000000066ae00000)
  object space 11177984K, 99% used [0x00000003c0a00000,0x000000066aded268,0x000000066ae00000)
 Metaspace       used 32029K, capacity 32676K, committed 35840K, reserved 1081344K
  class space    used 4107K, capacity 4269K, committed 4864K, reserved 1048576K
Event: 7068.035 GC heap after
Heap after GC invocations=967 (full 829):
 PSYoungGen      total 4728320K, used 2052808K [0x000000066ae00000, 0x00000007c0000000, 0x00000007c0000000)
  eden space 3902464K, 52% used [0x000000066ae00000,0x00000006e82b2180,0x0000000759100000)
  from space 825856K, 0% used [0x000000078d980000,0x000000078d980000,0x00000007c0000000)
  to   space 843264K, 0% used [0x0000000759100000,0x0000000759100000,0x000000078c880000)
 ParOldGen       total 11177984K, used 11177908K [0x00000003c0a00000, 0x000000066ae00000, 0x000000066ae00000)
  object space 11177984K, 99% used [0x00000003c0a00000,0x000000066aded268,0x000000066ae00000)
 Metaspace       used 32029K, capacity 32676K, committed 35840K, reserved 1081344K
  class space    used 4107K, capacity 4269K, committed 4864K, reserved 1048576K
}
Event: 7068.621 GC heap before
{Heap before GC invocations=968 (full 830):
 PSYoungGen      total 4728320K, used 3902464K [0x000000066ae00000, 0x00000007c0000000, 0x00000007c0000000)
  eden space 3902464K, 100% used [0x000000066ae00000,0x0000000759100000,0x0000000759100000)
  from space 825856K, 0% used [0x000000078d980000,0x000000078d980000,0x00000007c0000000)
  to   space 843264K, 0% used [0x0000000759100000,0x0000000759100000,0x000000078c880000)
 ParOldGen       total 11177984K, used 11177908K [0x00000003c0a00000, 0x000000066ae00000, 0x000000066ae00000)
  object space 11177984K, 99% used [0x00000003c0a00000,0x000000066aded268,0x000000066ae00000)
 Metaspace       used 32029K, capacity 32676K, committed 35840K, reserved 1081344K
  class space    used 4107K, capacity 4269K, committed 4864K, reserved 1048576K

