# JRE version: Java(TM) SE Runtime Environment (8.0_66-b17) (build 1.8.0_66-b17)
# Java VM: Java HotSpot(TM) 64-Bit Server VM (25.66-b17 mixed mode windows-amd64 compressed oops)
Heap:
 PSYoungGen      total 56320K, used 20752K [0x0000000781900000, 0x0000000785780000, 0x00000007c0000000)
  eden space 48640K, 26% used [0x0000000781900000,0x00000007825c6c90,0x0000000784880000)
  from space 7680K, 99% used [0x0000000785000000,0x000000078577d450,0x0000000785780000)
  to   space 7680K, 0% used [0x0000000784880000,0x0000000784880000,0x0000000785000000)
 ParOldGen       total 128512K, used 6326K [0x0000000704a00000, 0x000000070c780000, 0x0000000781900000)
  object space 128512K, 4% used [0x0000000704a00000,0x000000070502db70,0x000000070c780000)
 Metaspace       used 15175K, capacity 15414K, committed 15744K, reserved 1062912K
  class space    used 1963K, capacity 2059K, committed 2176K, reserved 1048576K
GC Heap History (4 events):
Event: 1.237 GC heap before
{Heap before GC invocations=1 (full 0):
 PSYoungGen      total 56320K, used 48640K [0x0000000781900000, 0x0000000785780000, 0x00000007c0000000)
  eden space 48640K, 100% used [0x0000000781900000,0x0000000784880000,0x0000000784880000)
  from space 7680K, 0% used [0x0000000785000000,0x0000000785000000,0x0000000785780000)
  to   space 7680K, 0% used [0x0000000784880000,0x0000000784880000,0x0000000785000000)
 ParOldGen       total 128512K, used 0K [0x0000000704a00000, 0x000000070c780000, 0x0000000781900000)
  object space 128512K, 0% used [0x0000000704a00000,0x0000000704a00000,0x000000070c780000)
 Metaspace       used 7964K, capacity 8060K, committed 8192K, reserved 1056768K
  class space    used 946K, capacity 980K, committed 1024K, reserved 1048576K
Event: 1.247 GC heap after
Heap after GC invocations=1 (full 0):
 PSYoungGen      total 56320K, used 7660K [0x0000000781900000, 0x0000000785780000, 0x00000007c0000000)
  eden space 48640K, 0% used [0x0000000781900000,0x0000000781900000,0x0000000784880000)
  from space 7680K, 99% used [0x0000000784880000,0x0000000784ffb398,0x0000000785000000)
  to   space 7680K, 0% used [0x0000000785000000,0x0000000785000000,0x0000000785780000)
 ParOldGen       total 128512K, used 1968K [0x0000000704a00000, 0x000000070c780000, 0x0000000781900000)
  object space 128512K, 1% used [0x0000000704a00000,0x0000000704bec3d0,0x000000070c780000)
 Metaspace       used 7964K, capacity 8060K, committed 8192K, reserved 1056768K
  class space    used 946K, capacity 980K, committed 1024K, reserved 1048576K
}
Event: 2.387 GC heap before
{Heap before GC invocations=2 (full 0):
 PSYoungGen      total 56320K, used 56300K [0x0000000781900000, 0x0000000785780000, 0x00000007c0000000)
  eden space 48640K, 100% used [0x0000000781900000,0x0000000784880000,0x0000000784880000)
  from space 7680K, 99% used [0x0000000784880000,0x0000000784ffb398,0x0000000785000000)
  to   space 7680K, 0% used [0x0000000785000000,0x0000000785000000,0x0000000785780000)
 ParOldGen       total 128512K, used 1968K [0x0000000704a00000, 0x000000070c780000, 0x0000000781900000)
  object space 128512K, 1% used [0x0000000704a00000,0x0000000704bec3d0,0x000000070c780000)
 Metaspace       used 14134K, capacity 14318K, committed 14464K, reserved 1062912K
  class space    used 1791K, capacity 1871K, committed 1920K, reserved 1048576K
Event: 2.401 GC heap after
Heap after GC invocations=2 (full 0):
 PSYoungGen      total 56320K, used 7669K [0x0000000781900000, 0x0000000785780000, 0x00000007c0000000)
  eden space 48640K, 0% used [0x0000000781900000,0x0000000781900000,0x0000000784880000)
  from space 7680K, 99% used [0x0000000785000000,0x000000078577d450,0x0000000785780000)
  to   space 7680K, 0% used [0x0000000784880000,0x0000000784880000,0x0000000785000000)
 ParOldGen       total 128512K, used 6326K [0x0000000704a00000, 0x000000070c780000, 0x0000000781900000)
  object space 128512K, 4% used [0x0000000704a00000,0x000000070502db70,0x000000070c780000)
 Metaspace       used 14134K, capacity 14318K, committed 14464K, reserved 1062912K
  class space    used 1791K, capacity 1871K, committed 1920K, reserved 1048576K
}

