# JRE version: Java(TM) SE Runtime Environment (8.0_66-b17) (build 1.8.0_66-b17)
# Java VM: Java HotSpot(TM) 64-Bit Server VM (25.66-b17 mixed mode windows-amd64 compressed oops)
Heap:
 PSYoungGen      total 202240K, used 102064K [0x0000000781900000, 0x000000078e600000, 0x00000007c0000000)
  eden space 194560K, 52% used [0x0000000781900000,0x0000000787cac0e0,0x000000078d700000)
  from space 7680K, 0% used [0x000000078de80000,0x000000078de80000,0x000000078e600000)
  to   space 7680K, 0% used [0x000000078d700000,0x000000078d700000,0x000000078de80000)
 ParOldGen       total 128512K, used 35171K [0x0000000704a00000, 0x000000070c780000, 0x0000000781900000)
  object space 128512K, 27% used [0x0000000704a00000,0x0000000706c58e68,0x000000070c780000)
 Metaspace       used 26022K, capacity 26358K, committed 26752K, reserved 1073152K
  class space    used 3326K, capacity 3413K, committed 3456K, reserved 1048576K
GC Heap History (10 events):
Event: 1.266 GC heap before
{Heap before GC invocations=1 (full 0):
 PSYoungGen      total 56320K, used 48524K [0x0000000781900000, 0x0000000785780000, 0x00000007c0000000)
  eden space 48640K, 99% used [0x0000000781900000,0x00000007848631f0,0x0000000784880000)
  from space 7680K, 0% used [0x0000000785000000,0x0000000785000000,0x0000000785780000)
  to   space 7680K, 0% used [0x0000000784880000,0x0000000784880000,0x0000000785000000)
 ParOldGen       total 128512K, used 0K [0x0000000704a00000, 0x000000070c780000, 0x0000000781900000)
  object space 128512K, 0% used [0x0000000704a00000,0x0000000704a00000,0x000000070c780000)
 Metaspace       used 7830K, capacity 7976K, committed 8192K, reserved 1056768K
  class space    used 979K, capacity 1012K, committed 1024K, reserved 1048576K
Event: 1.280 GC heap after
Heap after GC invocations=1 (full 0):
 PSYoungGen      total 56320K, used 7649K [0x0000000781900000, 0x0000000788700000, 0x00000007c0000000)
  eden space 48640K, 0% used [0x0000000781900000,0x0000000781900000,0x0000000784880000)
  from space 7680K, 99% used [0x0000000784880000,0x0000000784ff84f0,0x0000000785000000)
  to   space 7680K, 0% used [0x0000000787f80000,0x0000000787f80000,0x0000000788700000)
 ParOldGen       total 128512K, used 3114K [0x0000000704a00000, 0x000000070c780000, 0x0000000781900000)
  object space 128512K, 2% used [0x0000000704a00000,0x0000000704d0aa70,0x000000070c780000)
 Metaspace       used 7830K, capacity 7976K, committed 8192K, reserved 1056768K
  class space    used 979K, capacity 1012K, committed 1024K, reserved 1048576K
}
Event: 2.284 GC heap before
{Heap before GC invocations=2 (full 0):
 PSYoungGen      total 56320K, used 56289K [0x0000000781900000, 0x0000000788700000, 0x00000007c0000000)
  eden space 48640K, 100% used [0x0000000781900000,0x0000000784880000,0x0000000784880000)
  from space 7680K, 99% used [0x0000000784880000,0x0000000784ff84f0,0x0000000785000000)
  to   space 7680K, 0% used [0x0000000787f80000,0x0000000787f80000,0x0000000788700000)
 ParOldGen       total 128512K, used 3114K [0x0000000704a00000, 0x000000070c780000, 0x0000000781900000)
  object space 128512K, 2% used [0x0000000704a00000,0x0000000704d0aa70,0x000000070c780000)
 Metaspace       used 13049K, capacity 13272K, committed 13568K, reserved 1060864K
  class space    used 1735K, capacity 1790K, committed 1792K, reserved 1048576K
Event: 2.305 GC heap after
Heap after GC invocations=2 (full 0):
 PSYoungGen      total 104960K, used 7672K [0x0000000781900000, 0x0000000788700000, 0x00000007c0000000)
  eden space 97280K, 0% used [0x0000000781900000,0x0000000781900000,0x0000000787800000)
  from space 7680K, 99% used [0x0000000787f80000,0x00000007886fe040,0x0000000788700000)
  to   space 7680K, 0% used [0x0000000787800000,0x0000000787800000,0x0000000787f80000)
 ParOldGen       total 128512K, used 11409K [0x0000000704a00000, 0x000000070c780000, 0x0000000781900000)
  object space 128512K, 8% used [0x0000000704a00000,0x0000000705524408,0x000000070c780000)
 Metaspace       used 13049K, capacity 13272K, committed 13568K, reserved 1060864K
  class space    used 1735K, capacity 1790K, committed 1792K, reserved 1048576K
}
Event: 4.283 GC heap before
{Heap before GC invocations=3 (full 0):
 PSYoungGen      total 104960K, used 104952K [0x0000000781900000, 0x0000000788700000, 0x00000007c0000000)
  eden space 97280K, 100% used [0x0000000781900000,0x0000000787800000,0x0000000787800000)
  from space 7680K, 99% used [0x0000000787f80000,0x00000007886fe040,0x0000000788700000)
  to   space 7680K, 0% used [0x0000000787800000,0x0000000787800000,0x0000000787f80000)
 ParOldGen       total 128512K, used 11409K [0x0000000704a00000, 0x000000070c780000, 0x0000000781900000)
  object space 128512K, 8% used [0x0000000704a00000,0x0000000705524408,0x000000070c780000)
 Metaspace       used 18212K, capacity 18424K, committed 18816K, reserved 1064960K
  class space    used 2528K, capacity 2574K, committed 2688K, reserved 1048576K
Event: 4.333 GC heap after
Heap after GC invocations=3 (full 0):
 PSYoungGen      total 104960K, used 7669K [0x0000000781900000, 0x000000078e600000, 0x00000007c0000000)
  eden space 97280K, 0% used [0x0000000781900000,0x0000000781900000,0x0000000787800000)
  from space 7680K, 99% used [0x0000000787800000,0x0000000787f7d738,0x0000000787f80000)
  to   space 7680K, 0% used [0x000000078de80000,0x000000078de80000,0x000000078e600000)
 ParOldGen       total 128512K, used 36096K [0x0000000704a00000, 0x000000070c780000, 0x0000000781900000)
  object space 128512K, 28% used [0x0000000704a00000,0x0000000706d40118,0x000000070c780000)
 Metaspace       used 18212K, capacity 18424K, committed 18816K, reserved 1064960K
  class space    used 2528K, capacity 2574K, committed 2688K, reserved 1048576K
}
Event: 4.895 GC heap before
{Heap before GC invocations=4 (full 0):
 PSYoungGen      total 104960K, used 53464K [0x0000000781900000, 0x000000078e600000, 0x00000007c0000000)
  eden space 97280K, 47% used [0x0000000781900000,0x00000007845b8900,0x0000000787800000)
  from space 7680K, 99% used [0x0000000787800000,0x0000000787f7d738,0x0000000787f80000)
  to   space 7680K, 0% used [0x000000078de80000,0x000000078de80000,0x000000078e600000)
 ParOldGen       total 128512K, used 36096K [0x0000000704a00000, 0x000000070c780000, 0x0000000781900000)
  object space 128512K, 28% used [0x0000000704a00000,0x0000000706d40118,0x000000070c780000)
 Metaspace       used 20870K, capacity 21064K, committed 21296K, reserved 1067008K
  class space    used 2837K, capacity 2870K, committed 2944K, reserved 1048576K
Event: 4.949 GC heap after
Heap after GC invocations=4 (full 0):
 PSYoungGen      total 202240K, used 7664K [0x0000000781900000, 0x000000078e600000, 0x00000007c0000000)
  eden space 194560K, 0% used [0x0000000781900000,0x0000000781900000,0x000000078d700000)
  from space 7680K, 99% used [0x000000078de80000,0x000000078e5fc050,0x000000078e600000)
  to   space 7680K, 0% used [0x000000078d700000,0x000000078d700000,0x000000078de80000)
 ParOldGen       total 128512K, used 53126K [0x0000000704a00000, 0x000000070c780000, 0x0000000781900000)
  object space 128512K, 41% used [0x0000000704a00000,0x0000000707de1950,0x000000070c780000)
 Metaspace       used 20870K, capacity 21064K, committed 21296K, reserved 1067008K
  class space    used 2837K, capacity 2870K, committed 2944K, reserved 1048576K
}
Event: 4.949 GC heap before
{Heap before GC invocations=5 (full 1):
 PSYoungGen      total 202240K, used 7664K [0x0000000781900000, 0x000000078e600000, 0x00000007c0000000)
  eden space 194560K, 0% used [0x0000000781900000,0x0000000781900000,0x000000078d700000)
  from space 7680K, 99% used [0x000000078de80000,0x000000078e5fc050,0x000000078e600000)
  to   space 7680K, 0% used [0x000000078d700000,0x000000078d700000,0x000000078de80000)
 ParOldGen       total 128512K, used 53126K [0x0000000704a00000, 0x000000070c780000, 0x0000000781900000)
  object space 128512K, 41% used [0x0000000704a00000,0x0000000707de1950,0x000000070c780000)
 Metaspace       used 20870K, capacity 21064K, committed 21296K, reserved 1067008K
  class space    used 2837K, capacity 2870K, committed 2944K, reserved 1048576K
Event: 5.125 GC heap after
Heap after GC invocations=5 (full 1):
 PSYoungGen      total 202240K, used 0K [0x0000000781900000, 0x000000078e600000, 0x00000007c0000000)
  eden space 194560K, 0% used [0x0000000781900000,0x0000000781900000,0x000000078d700000)
  from space 7680K, 0% used [0x000000078de80000,0x000000078de80000,0x000000078e600000)
  to   space 7680K, 0% used [0x000000078d700000,0x000000078d700000,0x000000078de80000)
 ParOldGen       total 128512K, used 35171K [0x0000000704a00000, 0x000000070c780000, 0x0000000781900000)
  object space 128512K, 27% used [0x0000000704a00000,0x0000000706c58e68,0x000000070c780000)
 Metaspace       used 20870K, capacity 21064K, committed 21296K, reserved 1067008K
  class space    used 2837K, capacity 2870K, committed 2944K, reserved 1048576K
}

