# JRE version: Java(TM) SE Runtime Environment (8.0_131-b11) (build 1.8.0_131-b11)
# Java VM: Java HotSpot(TM) 64-Bit Server VM (25.131-b11 mixed mode windows-amd64 compressed oops)
Heap:
 PSYoungGen      total 463360K, used 156592K [0x0000000781900000, 0x00000007b3900000, 0x00000007c0000000)
  eden space 122368K, 100% used [0x0000000781900000,0x0000000789080000,0x0000000789080000)
  from space 340992K, 10% used [0x0000000789080000,0x000000078b1ec3f0,0x000000079dd80000)
  to   space 340992K, 14% used [0x000000079ec00000,0x00000007a1ae23d0,0x00000007b3900000)
 ParOldGen       total 2046976K, used 1747672K [0x0000000704a00000, 0x0000000781900000, 0x0000000781900000)
  object space 2046976K, 85% used [0x0000000704a00000,0x000000076f4b63c0,0x0000000781900000)
 Metaspace       used 5101K, capacity 5236K, committed 5504K, reserved 1056768K
  class space    used 542K, capacity 614K, committed 640K, reserved 1048576K
GC Heap History (10 events):
Event: 204.530 GC heap after
Heap after GC invocations=37 (full 8):
 PSYoungGen      total 463360K, used 156203K [0x0000000781900000, 0x00000007b3900000, 0x00000007c0000000)
  eden space 122368K, 99% used [0x0000000781900000,0x000000078901e828,0x0000000789080000)
  from space 340992K, 10% used [0x0000000789080000,0x000000078b1ec3f0,0x000000079dd80000)
  to   space 340992K, 0% used [0x000000079ec00000,0x000000079ec00000,0x00000007b3900000)
 ParOldGen       total 1727488K, used 1727311K [0x0000000704a00000, 0x000000076e100000, 0x0000000781900000)
  object space 1727488K, 99% used [0x0000000704a00000,0x000000076e0d3d50,0x000000076e100000)
 Metaspace       used 5101K, capacity 5236K, committed 5504K, reserved 1056768K
  class space    used 542K, capacity 614K, committed 640K, reserved 1048576K
}
Event: 204.560 GC heap before
{Heap before GC invocations=38 (full 9):
 PSYoungGen      total 463360K, used 156592K [0x0000000781900000, 0x00000007b3900000, 0x00000007c0000000)
  eden space 122368K, 100% used [0x0000000781900000,0x0000000789080000,0x0000000789080000)
  from space 340992K, 10% used [0x0000000789080000,0x000000078b1ec3f0,0x000000079dd80000)
  to   space 340992K, 0% used [0x000000079ec00000,0x000000079ec00000,0x00000007b3900000)
 ParOldGen       total 1727488K, used 1727311K [0x0000000704a00000, 0x000000076e100000, 0x0000000781900000)
  object space 1727488K, 99% used [0x0000000704a00000,0x000000076e0d3d50,0x000000076e100000)
 Metaspace       used 5101K, capacity 5236K, committed 5504K, reserved 1056768K
  class space    used 542K, capacity 614K, committed 640K, reserved 1048576K
Event: 210.907 GC heap after
Heap after GC invocations=38 (full 9):
 PSYoungGen      total 463360K, used 156477K [0x0000000781900000, 0x00000007b3900000, 0x00000007c0000000)
  eden space 122368K, 99% used [0x0000000781900000,0x0000000789063230,0x0000000789080000)
  from space 340992K, 10% used [0x0000000789080000,0x000000078b1ec3f0,0x000000079dd80000)
  to   space 340992K, 0% used [0x000000079ec00000,0x000000079ec00000,0x00000007b3900000)
 ParOldGen       total 1727488K, used 1727311K [0x0000000704a00000, 0x000000076e100000, 0x0000000781900000)
  object space 1727488K, 99% used [0x0000000704a00000,0x000000076e0d3d50,0x000000076e100000)
 Metaspace       used 5101K, capacity 5236K, committed 5504K, reserved 1056768K
  class space    used 542K, capacity 614K, committed 640K, reserved 1048576K
}
Event: 210.914 GC heap before
{Heap before GC invocations=39 (full 10):
 PSYoungGen      total 463360K, used 156592K [0x0000000781900000, 0x00000007b3900000, 0x00000007c0000000)
  eden space 122368K, 100% used [0x0000000781900000,0x0000000789080000,0x0000000789080000)
  from space 340992K, 10% used [0x0000000789080000,0x000000078b1ec3f0,0x000000079dd80000)
  to   space 340992K, 0% used [0x000000079ec00000,0x000000079ec00000,0x00000007b3900000)
 ParOldGen       total 1727488K, used 1727311K [0x0000000704a00000, 0x000000076e100000, 0x0000000781900000)
  object space 1727488K, 99% used [0x0000000704a00000,0x000000076e0d3d50,0x000000076e100000)
 Metaspace       used 5101K, capacity 5236K, committed 5504K, reserved 1056768K
  class space    used 542K, capacity 614K, committed 640K, reserved 1048576K
Event: 216.499 GC heap after
Heap after GC invocations=39 (full 10):
 PSYoungGen      total 463360K, used 156555K [0x0000000781900000, 0x00000007b3900000, 0x00000007c0000000)
  eden space 122368K, 99% used [0x0000000781900000,0x0000000789076a18,0x0000000789080000)
  from space 340992K, 10% used [0x0000000789080000,0x000000078b1ec3f0,0x000000079dd80000)
  to   space 340992K, 0% used [0x000000079ec00000,0x000000079ec00000,0x00000007b3900000)
 ParOldGen       total 1727488K, used 1727311K [0x0000000704a00000, 0x000000076e100000, 0x0000000781900000)
  object space 1727488K, 99% used [0x0000000704a00000,0x000000076e0d3d50,0x000000076e100000)
 Metaspace       used 5101K, capacity 5236K, committed 5504K, reserved 1056768K
  class space    used 542K, capacity 614K, committed 640K, reserved 1048576K
}
Event: 216.503 GC heap before
{Heap before GC invocations=40 (full 11):
 PSYoungGen      total 463360K, used 156592K [0x0000000781900000, 0x00000007b3900000, 0x00000007c0000000)
  eden space 122368K, 100% used [0x0000000781900000,0x0000000789080000,0x0000000789080000)
  from space 340992K, 10% used [0x0000000789080000,0x000000078b1ec3f0,0x000000079dd80000)
  to   space 340992K, 0% used [0x000000079ec00000,0x000000079ec00000,0x00000007b3900000)
 ParOldGen       total 1727488K, used 1727311K [0x0000000704a00000, 0x000000076e100000, 0x0000000781900000)
  object space 1727488K, 99% used [0x0000000704a00000,0x000000076e0d3d50,0x000000076e100000)
 Metaspace       used 5101K, capacity 5236K, committed 5504K, reserved 1056768K
  class space    used 542K, capacity 614K, committed 640K, reserved 1048576K
Event: 222.103 GC heap after
Heap after GC invocations=40 (full 11):
 PSYoungGen      total 463360K, used 156581K [0x0000000781900000, 0x00000007b3900000, 0x00000007c0000000)
  eden space 122368K, 99% used [0x0000000781900000,0x000000078907d300,0x0000000789080000)
  from space 340992K, 10% used [0x0000000789080000,0x000000078b1ec3f0,0x000000079dd80000)
  to   space 340992K, 0% used [0x000000079ec00000,0x000000079ec00000,0x00000007b3900000)
 ParOldGen       total 1727488K, used 1727311K [0x0000000704a00000, 0x000000076e100000, 0x0000000781900000)
  object space 1727488K, 99% used [0x0000000704a00000,0x000000076e0d3d50,0x000000076e100000)
 Metaspace       used 5101K, capacity 5236K, committed 5504K, reserved 1056768K
  class space    used 542K, capacity 614K, committed 640K, reserved 1048576K
}
Event: 222.106 GC heap before
{Heap before GC invocations=41 (full 12):
 PSYoungGen      total 463360K, used 156592K [0x0000000781900000, 0x00000007b3900000, 0x00000007c0000000)
  eden space 122368K, 100% used [0x0000000781900000,0x0000000789080000,0x0000000789080000)
  from space 340992K, 10% used [0x0000000789080000,0x000000078b1ec3f0,0x000000079dd80000)
  to   space 340992K, 0% used [0x000000079ec00000,0x000000079ec00000,0x00000007b3900000)
 ParOldGen       total 1727488K, used 1727311K [0x0000000704a00000, 0x000000076e100000, 0x0000000781900000)
  object space 1727488K, 99% used [0x0000000704a00000,0x000000076e0d3d50,0x000000076e100000)
 Metaspace       used 5101K, capacity 5236K, committed 5504K, reserved 1056768K
  class space    used 542K, capacity 614K, committed 640K, reserved 1048576K
Event: 227.851 GC heap after
Heap after GC invocations=41 (full 12):
 PSYoungGen      total 463360K, used 156589K [0x0000000781900000, 0x00000007b3900000, 0x00000007c0000000)
  eden space 122368K, 99% used [0x0000000781900000,0x000000078907f280,0x0000000789080000)
  from space 340992K, 10% used [0x0000000789080000,0x000000078b1ec3f0,0x000000079dd80000)
  to   space 340992K, 0% used [0x000000079ec00000,0x000000079ec00000,0x00000007b3900000)
 ParOldGen       total 2046976K, used 1727311K [0x0000000704a00000, 0x0000000781900000, 0x0000000781900000)
  object space 2046976K, 84% used [0x0000000704a00000,0x000000076e0d3d50,0x0000000781900000)
 Metaspace       used 5101K, capacity 5236K, committed 5504K, reserved 1056768K
  class space    used 542K, capacity 614K, committed 640K, reserved 1048576K
}
Event: 227.852 GC heap before
{Heap before GC invocations=42 (full 12):
 PSYoungGen      total 463360K, used 156592K [0x0000000781900000, 0x00000007b3900000, 0x00000007c0000000)
  eden space 122368K, 100% used [0x0000000781900000,0x0000000789080000,0x0000000789080000)
  from space 340992K, 10% used [0x0000000789080000,0x000000078b1ec3f0,0x000000079dd80000)
  to   space 340992K, 0% used [0x000000079ec00000,0x000000079ec00000,0x00000007b3900000)
 ParOldGen       total 2046976K, used 1727311K [0x0000000704a00000, 0x0000000781900000, 0x0000000781900000)
  object space 2046976K, 84% used [0x0000000704a00000,0x000000076e0d3d50,0x0000000781900000)
 Metaspace       used 5101K, capacity 5236K, committed 5504K, reserved 1056768K
  class space    used 542K, capacity 614K, committed 640K, reserved 1048576K

