# JRE version: Java(TM) SE Runtime Environment (8.0_131-b11) (build 1.8.0_131-b11)
# Java VM: Java HotSpot(TM) 64-Bit Server VM (25.131-b11 mixed mode windows-amd64 compressed oops)
Heap:
 PSYoungGen      total 1648640K, used 1578898K [0x0000000740000000, 0x00000007bf980000, 0x00000007c0000000)
  eden space 1209856K, 100% used [0x0000000740000000,0x0000000789d80000,0x0000000789d80000)
  from space 438784K, 84% used [0x00000007a4d00000,0x00000007bb5649e0,0x00000007bf980000)
  to   space 440320K, 99% used [0x0000000789d80000,0x00000007a4b7ecb0,0x00000007a4b80000)
 ParOldGen       total 2633216K, used 2633209K [0x0000000640000000, 0x00000006e0b80000, 0x0000000740000000)
  object space 2633216K, 99% used [0x0000000640000000,0x00000006e0b7e440,0x00000006e0b80000)
 Metaspace       used 10462K, capacity 10858K, committed 11008K, reserved 1058816K
  class space    used 1150K, capacity 1231K, committed 1280K, reserved 1048576K
GC Heap History (10 events):
Event: 124.094 GC heap after
Heap after GC invocations=75 (full 7):
 PSYoungGen      total 1608192K, used 352051K [0x0000000740000000, 0x00000007beb00000, 0x00000007c0000000)
  eden space 1152000K, 0% used [0x0000000740000000,0x0000000740000000,0x0000000786500000)
  from space 456192K, 77% used [0x00000007a2d80000,0x00000007b854ccd8,0x00000007beb00000)
  to   space 461824K, 0% used [0x0000000786500000,0x0000000786500000,0x00000007a2800000)
 ParOldGen       total 2473472K, used 2132152K [0x0000000640000000, 0x00000006d6f80000, 0x0000000740000000)
  object space 2473472K, 86% used [0x0000000640000000,0x00000006c222e0a0,0x00000006d6f80000)
 Metaspace       used 10370K, capacity 10696K, committed 11008K, reserved 1058816K
  class space    used 1137K, capacity 1212K, committed 1280K, reserved 1048576K
}
Event: 125.026 GC heap before
{Heap before GC invocations=76 (full 7):
 PSYoungGen      total 1608192K, used 1504051K [0x0000000740000000, 0x00000007beb00000, 0x00000007c0000000)
  eden space 1152000K, 100% used [0x0000000740000000,0x0000000786500000,0x0000000786500000)
  from space 456192K, 77% used [0x00000007a2d80000,0x00000007b854ccd8,0x00000007beb00000)
  to   space 461824K, 0% used [0x0000000786500000,0x0000000786500000,0x00000007a2800000)
 ParOldGen       total 2473472K, used 2132152K [0x0000000640000000, 0x00000006d6f80000, 0x0000000740000000)
  object space 2473472K, 86% used [0x0000000640000000,0x00000006c222e0a0,0x00000006d6f80000)
 Metaspace       used 10374K, capacity 10696K, committed 11008K, reserved 1058816K
  class space    used 1137K, capacity 1212K, committed 1280K, reserved 1048576K
Event: 125.461 GC heap after
Heap after GC invocations=76 (full 7):
 PSYoungGen      total 1613824K, used 353074K [0x0000000740000000, 0x00000007bf780000, 0x00000007c0000000)
  eden space 1152000K, 0% used [0x0000000740000000,0x0000000740000000,0x0000000786500000)
  from space 461824K, 76% used [0x0000000786500000,0x000000079bdcc860,0x00000007a2800000)
  to   space 454656K, 0% used [0x00000007a3b80000,0x00000007a3b80000,0x00000007bf780000)
 ParOldGen       total 2473472K, used 2175621K [0x0000000640000000, 0x00000006d6f80000, 0x0000000740000000)
  object space 2473472K, 87% used [0x0000000640000000,0x00000006c4ca1430,0x00000006d6f80000)
 Metaspace       used 10374K, capacity 10696K, committed 11008K, reserved 1058816K
  class space    used 1137K, capacity 1212K, committed 1280K, reserved 1048576K
}
Event: 126.707 GC heap before
{Heap before GC invocations=77 (full 7):
 PSYoungGen      total 1613824K, used 1505074K [0x0000000740000000, 0x00000007bf780000, 0x00000007c0000000)
  eden space 1152000K, 100% used [0x0000000740000000,0x0000000786500000,0x0000000786500000)
  from space 461824K, 76% used [0x0000000786500000,0x000000079bdcc860,0x00000007a2800000)
  to   space 454656K, 0% used [0x00000007a3b80000,0x00000007a3b80000,0x00000007bf780000)
 ParOldGen       total 2473472K, used 2175621K [0x0000000640000000, 0x00000006d6f80000, 0x0000000740000000)
  object space 2473472K, 87% used [0x0000000640000000,0x00000006c4ca1430,0x00000006d6f80000)
 Metaspace       used 10374K, capacity 10696K, committed 11008K, reserved 1058816K
  class space    used 1137K, capacity 1212K, committed 1280K, reserved 1048576K
Event: 127.140 GC heap after
Heap after GC invocations=77 (full 7):
 PSYoungGen      total 1620480K, used 349993K [0x0000000740000000, 0x00000007be900000, 0x00000007c0000000)
  eden space 1180672K, 0% used [0x0000000740000000,0x0000000740000000,0x0000000788100000)
  from space 439808K, 79% used [0x00000007a3b80000,0x00000007b914a7d0,0x00000007be900000)
  to   space 446464K, 0% used [0x0000000788100000,0x0000000788100000,0x00000007a3500000)
 ParOldGen       total 2473472K, used 2223331K [0x0000000640000000, 0x00000006d6f80000, 0x0000000740000000)
  object space 2473472K, 89% used [0x0000000640000000,0x00000006c7b38cf8,0x00000006d6f80000)
 Metaspace       used 10374K, capacity 10696K, committed 11008K, reserved 1058816K
  class space    used 1137K, capacity 1212K, committed 1280K, reserved 1048576K
}
Event: 128.100 GC heap before
{Heap before GC invocations=78 (full 7):
 PSYoungGen      total 1620480K, used 1530665K [0x0000000740000000, 0x00000007be900000, 0x00000007c0000000)
  eden space 1180672K, 100% used [0x0000000740000000,0x0000000788100000,0x0000000788100000)
  from space 439808K, 79% used [0x00000007a3b80000,0x00000007b914a7d0,0x00000007be900000)
  to   space 446464K, 0% used [0x0000000788100000,0x0000000788100000,0x00000007a3500000)
 ParOldGen       total 2473472K, used 2223331K [0x0000000640000000, 0x00000006d6f80000, 0x0000000740000000)
  object space 2473472K, 89% used [0x0000000640000000,0x00000006c7b38cf8,0x00000006d6f80000)
 Metaspace       used 10374K, capacity 10696K, committed 11008K, reserved 1058816K
  class space    used 1137K, capacity 1212K, committed 1280K, reserved 1048576K
Event: 128.534 GC heap after
Heap after GC invocations=78 (full 7):
 PSYoungGen      total 1627136K, used 354264K [0x0000000740000000, 0x00000007bfb80000, 0x00000007c0000000)
  eden space 1180672K, 0% used [0x0000000740000000,0x0000000740000000,0x0000000788100000)
  from space 446464K, 79% used [0x0000000788100000,0x000000079daf61e8,0x00000007a3500000)
  to   space 440832K, 0% used [0x00000007a4d00000,0x00000007a4d00000,0x00000007bfb80000)
 ParOldGen       total 2473472K, used 2262457K [0x0000000640000000, 0x00000006d6f80000, 0x0000000740000000)
  object space 2473472K, 91% used [0x0000000640000000,0x00000006ca16e760,0x00000006d6f80000)
 Metaspace       used 10374K, capacity 10696K, committed 11008K, reserved 1058816K
  class space    used 1137K, capacity 1212K, committed 1280K, reserved 1048576K
}
Event: 134.537 GC heap before
{Heap before GC invocations=79 (full 7):
 PSYoungGen      total 1627136K, used 1534936K [0x0000000740000000, 0x00000007bfb80000, 0x00000007c0000000)
  eden space 1180672K, 100% used [0x0000000740000000,0x0000000788100000,0x0000000788100000)
  from space 446464K, 79% used [0x0000000788100000,0x000000079daf61e8,0x00000007a3500000)
  to   space 440832K, 0% used [0x00000007a4d00000,0x00000007a4d00000,0x00000007bfb80000)
 ParOldGen       total 2473472K, used 2262457K [0x0000000640000000, 0x00000006d6f80000, 0x0000000740000000)
  object space 2473472K, 91% used [0x0000000640000000,0x00000006ca16e760,0x00000006d6f80000)
 Metaspace       used 10405K, capacity 10800K, committed 11008K, reserved 1058816K
  class space    used 1141K, capacity 1220K, committed 1280K, reserved 1048576K
Event: 134.998 GC heap after
Heap after GC invocations=79 (full 7):
 PSYoungGen      total 1648640K, used 369042K [0x0000000740000000, 0x00000007bf980000, 0x00000007c0000000)
  eden space 1209856K, 0% used [0x0000000740000000,0x0000000740000000,0x0000000789d80000)
  from space 438784K, 84% used [0x00000007a4d00000,0x00000007bb5649e0,0x00000007bf980000)
  to   space 440320K, 0% used [0x0000000789d80000,0x0000000789d80000,0x00000007a4b80000)
 ParOldGen       total 2473472K, used 2301381K [0x0000000640000000, 0x00000006d6f80000, 0x0000000740000000)
  object space 2473472K, 93% used [0x0000000640000000,0x00000006cc7717a8,0x00000006d6f80000)
 Metaspace       used 10405K, capacity 10800K, committed 11008K, reserved 1058816K
  class space    used 1141K, capacity 1220K, committed 1280K, reserved 1048576K
}
Event: 141.259 GC heap before
{Heap before GC invocations=80 (full 7):
 PSYoungGen      total 1648640K, used 1578898K [0x0000000740000000, 0x00000007bf980000, 0x00000007c0000000)
  eden space 1209856K, 100% used [0x0000000740000000,0x0000000789d80000,0x0000000789d80000)
  from space 438784K, 84% used [0x00000007a4d00000,0x00000007bb5649e0,0x00000007bf980000)
  to   space 440320K, 0% used [0x0000000789d80000,0x0000000789d80000,0x00000007a4b80000)
 ParOldGen       total 2473472K, used 2301381K [0x0000000640000000, 0x00000006d6f80000, 0x0000000740000000)
  object space 2473472K, 93% used [0x0000000640000000,0x00000006cc7717a8,0x00000006d6f80000)
 Metaspace       used 10462K, capacity 10858K, committed 11008K, reserved 1058816K
  class space    used 1150K, capacity 1231K, committed 1280K, reserved 1048576K

