# JRE version: Java(TM) SE Runtime Environment (8.0_131-b11) (build 1.8.0_131-b11)
# Java VM: Java HotSpot(TM) 64-Bit Server VM (25.131-b11 mixed mode windows-amd64 compressed oops)
Heap:
 PSYoungGen      total 1443328K, used 1256989K [0x0000000740000000, 0x00000007bd200000, 0x00000007c0000000)
  eden space 923648K, 100% used [0x0000000740000000,0x0000000778600000,0x0000000778600000)
  from space 519680K, 64% used [0x0000000778600000,0x000000078cb87660,0x0000000798180000)
  to   space 523264K, 99% used [0x000000079d300000,0x00000007bd1fcd00,0x00000007bd200000)
 ParOldGen       total 2994688K, used 2994686K [0x0000000640000000, 0x00000006f6c80000, 0x0000000740000000)
  object space 2994688K, 99% used [0x0000000640000000,0x00000006f6c7fbd8,0x00000006f6c80000)
 Metaspace       used 10558K, capacity 10936K, committed 11136K, reserved 1058816K
  class space    used 1165K, capacity 1284K, committed 1408K, reserved 1048576K
GC Heap History (10 events):
Event: 144.360 GC heap after
Heap after GC invocations=80 (full 7):
 PSYoungGen      total 982016K, used 185131K [0x0000000740000000, 0x00000007bc000000, 0x00000007c0000000)
  eden space 796672K, 0% used [0x0000000740000000,0x0000000740000000,0x0000000770a00000)
  from space 185344K, 99% used [0x0000000770a00000,0x000000077becad10,0x000000077bf00000)
  to   space 609280K, 0% used [0x0000000796d00000,0x0000000796d00000,0x00000007bc000000)
 ParOldGen       total 2712064K, used 2348456K [0x0000000640000000, 0x00000006e5880000, 0x0000000740000000)
  object space 2712064K, 86% used [0x0000000640000000,0x00000006cf56a200,0x00000006e5880000)
 Metaspace       used 10522K, capacity 10888K, committed 11008K, reserved 1058816K
  class space    used 1160K, capacity 1276K, committed 1280K, reserved 1048576K
}
Event: 145.054 GC heap before
{Heap before GC invocations=81 (full 7):
 PSYoungGen      total 982016K, used 981803K [0x0000000740000000, 0x00000007bc000000, 0x00000007c0000000)
  eden space 796672K, 100% used [0x0000000740000000,0x0000000770a00000,0x0000000770a00000)
  from space 185344K, 99% used [0x0000000770a00000,0x000000077becad10,0x000000077bf00000)
  to   space 609280K, 0% used [0x0000000796d00000,0x0000000796d00000,0x00000007bc000000)
 ParOldGen       total 2712064K, used 2348456K [0x0000000640000000, 0x00000006e5880000, 0x0000000740000000)
  object space 2712064K, 86% used [0x0000000640000000,0x00000006cf56a200,0x00000006e5880000)
 Metaspace       used 10522K, capacity 10888K, committed 11008K, reserved 1058816K
  class space    used 1160K, capacity 1276K, committed 1280K, reserved 1048576K
Event: 145.301 GC heap after
Heap after GC invocations=81 (full 7):
 PSYoungGen      total 1451008K, used 217032K [0x0000000740000000, 0x00000007bc100000, 0x00000007c0000000)
  eden space 841728K, 0% used [0x0000000740000000,0x0000000740000000,0x0000000773600000)
  from space 609280K, 35% used [0x0000000796d00000,0x00000007a40f2078,0x00000007bc000000)
  to   space 580608K, 0% used [0x0000000773600000,0x0000000773600000,0x0000000796d00000)
 ParOldGen       total 2712064K, used 2348456K [0x0000000640000000, 0x00000006e5880000, 0x0000000740000000)
  object space 2712064K, 86% used [0x0000000640000000,0x00000006cf56a200,0x00000006e5880000)
 Metaspace       used 10522K, capacity 10888K, committed 11008K, reserved 1058816K
  class space    used 1160K, capacity 1276K, committed 1280K, reserved 1048576K
}
Event: 145.955 GC heap before
{Heap before GC invocations=82 (full 7):
 PSYoungGen      total 1451008K, used 1058760K [0x0000000740000000, 0x00000007bc100000, 0x00000007c0000000)
  eden space 841728K, 100% used [0x0000000740000000,0x0000000773600000,0x0000000773600000)
  from space 609280K, 35% used [0x0000000796d00000,0x00000007a40f2078,0x00000007bc000000)
  to   space 580608K, 0% used [0x0000000773600000,0x0000000773600000,0x0000000796d00000)
 ParOldGen       total 2712064K, used 2348456K [0x0000000640000000, 0x00000006e5880000, 0x0000000740000000)
  object space 2712064K, 86% used [0x0000000640000000,0x00000006cf56a200,0x00000006e5880000)
 Metaspace       used 10522K, capacity 10888K, committed 11008K, reserved 1058816K
  class space    used 1160K, capacity 1276K, committed 1280K, reserved 1048576K
Event: 146.237 GC heap after
Heap after GC invocations=82 (full 7):
 PSYoungGen      total 1422336K, used 247472K [0x0000000740000000, 0x00000007ba500000, 0x00000007c0000000)
  eden space 841728K, 0% used [0x0000000740000000,0x0000000740000000,0x0000000773600000)
  from space 580608K, 42% used [0x0000000773600000,0x00000007827ac1d0,0x0000000796d00000)
  to   space 548352K, 0% used [0x0000000798d80000,0x0000000798d80000,0x00000007ba500000)
 ParOldGen       total 2712064K, used 2348456K [0x0000000640000000, 0x00000006e5880000, 0x0000000740000000)
  object space 2712064K, 86% used [0x0000000640000000,0x00000006cf56a200,0x00000006e5880000)
 Metaspace       used 10522K, capacity 10888K, committed 11008K, reserved 1058816K
  class space    used 1160K, capacity 1276K, committed 1280K, reserved 1048576K
}
Event: 146.932 GC heap before
{Heap before GC invocations=83 (full 7):
 PSYoungGen      total 1422336K, used 1089200K [0x0000000740000000, 0x00000007ba500000, 0x00000007c0000000)
  eden space 841728K, 100% used [0x0000000740000000,0x0000000773600000,0x0000000773600000)
  from space 580608K, 42% used [0x0000000773600000,0x00000007827ac1d0,0x0000000796d00000)
  to   space 548352K, 0% used [0x0000000798d80000,0x0000000798d80000,0x00000007ba500000)
 ParOldGen       total 2712064K, used 2348456K [0x0000000640000000, 0x00000006e5880000, 0x0000000740000000)
  object space 2712064K, 86% used [0x0000000640000000,0x00000006cf56a200,0x00000006e5880000)
 Metaspace       used 10522K, capacity 10888K, committed 11008K, reserved 1058816K
  class space    used 1160K, capacity 1276K, committed 1280K, reserved 1048576K
Event: 147.244 GC heap after
Heap after GC invocations=83 (full 7):
 PSYoungGen      total 1431040K, used 254192K [0x0000000740000000, 0x00000007b7d00000, 0x00000007c0000000)
  eden space 923648K, 0% used [0x0000000740000000,0x0000000740000000,0x0000000778600000)
  from space 507392K, 50% used [0x0000000798d80000,0x00000007a85bc050,0x00000007b7d00000)
  to   space 519680K, 0% used [0x0000000778600000,0x0000000778600000,0x0000000798180000)
 ParOldGen       total 2712064K, used 2371498K [0x0000000640000000, 0x00000006e5880000, 0x0000000740000000)
  object space 2712064K, 87% used [0x0000000640000000,0x00000006d0bea8c0,0x00000006e5880000)
 Metaspace       used 10522K, capacity 10888K, committed 11008K, reserved 1058816K
  class space    used 1160K, capacity 1276K, committed 1280K, reserved 1048576K
}
Event: 153.128 GC heap before
{Heap before GC invocations=84 (full 7):
 PSYoungGen      total 1431040K, used 1177840K [0x0000000740000000, 0x00000007b7d00000, 0x00000007c0000000)
  eden space 923648K, 100% used [0x0000000740000000,0x0000000778600000,0x0000000778600000)
  from space 507392K, 50% used [0x0000000798d80000,0x00000007a85bc050,0x00000007b7d00000)
  to   space 519680K, 0% used [0x0000000778600000,0x0000000778600000,0x0000000798180000)
 ParOldGen       total 2712064K, used 2371498K [0x0000000640000000, 0x00000006e5880000, 0x0000000740000000)
  object space 2712064K, 87% used [0x0000000640000000,0x00000006d0bea8c0,0x00000006e5880000)
 Metaspace       used 10556K, capacity 10936K, committed 11136K, reserved 1058816K
  class space    used 1165K, capacity 1284K, committed 1408K, reserved 1048576K
Event: 153.523 GC heap after
Heap after GC invocations=84 (full 7):
 PSYoungGen      total 1443328K, used 333341K [0x0000000740000000, 0x00000007bd200000, 0x00000007c0000000)
  eden space 923648K, 0% used [0x0000000740000000,0x0000000740000000,0x0000000778600000)
  from space 519680K, 64% used [0x0000000778600000,0x000000078cb87660,0x0000000798180000)
  to   space 523264K, 0% used [0x000000079d300000,0x000000079d300000,0x00000007bd200000)
 ParOldGen       total 2712064K, used 2392489K [0x0000000640000000, 0x00000006e5880000, 0x0000000740000000)
  object space 2712064K, 88% used [0x0000000640000000,0x00000006d206a6d8,0x00000006e5880000)
 Metaspace       used 10556K, capacity 10936K, committed 11136K, reserved 1058816K
  class space    used 1165K, capacity 1284K, committed 1408K, reserved 1048576K
}
Event: 158.691 GC heap before
{Heap before GC invocations=85 (full 7):
 PSYoungGen      total 1443328K, used 1256989K [0x0000000740000000, 0x00000007bd200000, 0x00000007c0000000)
  eden space 923648K, 100% used [0x0000000740000000,0x0000000778600000,0x0000000778600000)
  from space 519680K, 64% used [0x0000000778600000,0x000000078cb87660,0x0000000798180000)
  to   space 523264K, 0% used [0x000000079d300000,0x000000079d300000,0x00000007bd200000)
 ParOldGen       total 2712064K, used 2392489K [0x0000000640000000, 0x00000006e5880000, 0x0000000740000000)
  object space 2712064K, 88% used [0x0000000640000000,0x00000006d206a6d8,0x00000006e5880000)
 Metaspace       used 10558K, capacity 10936K, committed 11136K, reserved 1058816K
  class space    used 1165K, capacity 1284K, committed 1408K, reserved 1048576K

