# JRE version: Java(TM) SE Runtime Environment (8.0_131-b11) (build 1.8.0_131-b11)
# Java VM: Java HotSpot(TM) 64-Bit Server VM (25.131-b11 mixed mode windows-amd64 compressed oops)
Heap:
 PSYoungGen      total 223744K, used 70260K [0x0000000781900000, 0x000000079cb00000, 0x00000007c0000000)
  eden space 194560K, 36% used [0x0000000781900000,0x0000000785d9d0d8,0x000000078d700000)
  from space 29184K, 0% used [0x000000078d700000,0x000000078d700000,0x000000078f380000)
  to   space 27648K, 0% used [0x000000079b000000,0x000000079b000000,0x000000079cb00000)
 ParOldGen       total 120832K, used 27141K [0x0000000704a00000, 0x000000070c000000, 0x0000000781900000)
  object space 120832K, 22% used [0x0000000704a00000,0x00000007064815a0,0x000000070c000000)
 Metaspace       used 22328K, capacity 22702K, committed 23040K, reserved 1069056K
  class space    used 2956K, capacity 3035K, committed 3072K, reserved 1048576K
GC Heap History (10 events):
Event: 3.049 GC heap before
{Heap before GC invocations=4 (full 0):
 PSYoungGen      total 56320K, used 56304K [0x0000000781900000, 0x0000000788700000, 0x00000007c0000000)
  eden space 48640K, 100% used [0x0000000781900000,0x0000000784880000,0x0000000784880000)
  from space 7680K, 99% used [0x0000000784880000,0x0000000784ffc388,0x0000000785000000)
  to   space 7680K, 0% used [0x0000000787f80000,0x0000000787f80000,0x0000000788700000)
 ParOldGen       total 128512K, used 11590K [0x0000000704a00000, 0x000000070c780000, 0x0000000781900000)
  object space 128512K, 9% used [0x0000000704a00000,0x0000000705551a28,0x000000070c780000)
 Metaspace       used 13983K, capacity 14110K, committed 14464K, reserved 1062912K
  class space    used 1813K, capacity 1855K, committed 1920K, reserved 1048576K
Event: 3.072 GC heap after
Heap after GC invocations=4 (full 0):
 PSYoungGen      total 104960K, used 7664K [0x0000000781900000, 0x0000000788700000, 0x00000007c0000000)
  eden space 97280K, 0% used [0x0000000781900000,0x0000000781900000,0x0000000787800000)
  from space 7680K, 99% used [0x0000000787f80000,0x00000007886fc090,0x0000000788700000)
  to   space 7680K, 0% used [0x0000000787800000,0x0000000787800000,0x0000000787f80000)
 ParOldGen       total 128512K, used 18895K [0x0000000704a00000, 0x000000070c780000, 0x0000000781900000)
  object space 128512K, 14% used [0x0000000704a00000,0x0000000705c73eb0,0x000000070c780000)
 Metaspace       used 13983K, capacity 14110K, committed 14464K, reserved 1062912K
  class space    used 1813K, capacity 1855K, committed 1920K, reserved 1048576K
}
Event: 3.806 GC heap before
{Heap before GC invocations=5 (full 0):
 PSYoungGen      total 104960K, used 104944K [0x0000000781900000, 0x0000000788700000, 0x00000007c0000000)
  eden space 97280K, 100% used [0x0000000781900000,0x0000000787800000,0x0000000787800000)
  from space 7680K, 99% used [0x0000000787f80000,0x00000007886fc090,0x0000000788700000)
  to   space 7680K, 0% used [0x0000000787800000,0x0000000787800000,0x0000000787f80000)
 ParOldGen       total 128512K, used 18895K [0x0000000704a00000, 0x000000070c780000, 0x0000000781900000)
  object space 128512K, 14% used [0x0000000704a00000,0x0000000705c73eb0,0x000000070c780000)
 Metaspace       used 13990K, capacity 14110K, committed 14464K, reserved 1062912K
  class space    used 1813K, capacity 1855K, committed 1920K, reserved 1048576K
Event: 3.851 GC heap after
Heap after GC invocations=5 (full 0):
 PSYoungGen      total 104960K, used 7648K [0x0000000781900000, 0x0000000791300000, 0x00000007c0000000)
  eden space 97280K, 0% used [0x0000000781900000,0x0000000781900000,0x0000000787800000)
  from space 7680K, 99% used [0x0000000787800000,0x0000000787f78150,0x0000000787f80000)
  to   space 30720K, 0% used [0x000000078f500000,0x000000078f500000,0x0000000791300000)
 ParOldGen       total 128512K, used 44119K [0x0000000704a00000, 0x000000070c780000, 0x0000000781900000)
  object space 128512K, 34% used [0x0000000704a00000,0x0000000707515ee8,0x000000070c780000)
 Metaspace       used 13990K, capacity 14110K, committed 14464K, reserved 1062912K
  class space    used 1813K, capacity 1855K, committed 1920K, reserved 1048576K
}
Event: 4.815 GC heap before
{Heap before GC invocations=6 (full 0):
 PSYoungGen      total 104960K, used 104928K [0x0000000781900000, 0x0000000791300000, 0x00000007c0000000)
  eden space 97280K, 100% used [0x0000000781900000,0x0000000787800000,0x0000000787800000)
  from space 7680K, 99% used [0x0000000787800000,0x0000000787f78150,0x0000000787f80000)
  to   space 30720K, 0% used [0x000000078f500000,0x000000078f500000,0x0000000791300000)
 ParOldGen       total 128512K, used 44119K [0x0000000704a00000, 0x000000070c780000, 0x0000000781900000)
  object space 128512K, 34% used [0x0000000704a00000,0x0000000707515ee8,0x000000070c780000)
 Metaspace       used 16418K, capacity 16646K, committed 16896K, reserved 1064960K
  class space    used 2209K, capacity 2267K, committed 2304K, reserved 1048576K
Event: 4.876 GC heap after
Heap after GC invocations=6 (full 0):
 PSYoungGen      total 222208K, used 14310K [0x0000000781900000, 0x0000000791000000, 0x00000007c0000000)
  eden space 194560K, 0% used [0x0000000781900000,0x0000000781900000,0x000000078d700000)
  from space 27648K, 51% used [0x000000078f500000,0x00000007902f98c8,0x0000000791000000)
  to   space 29184K, 0% used [0x000000078d700000,0x000000078d700000,0x000000078f380000)
 ParOldGen       total 128512K, used 44119K [0x0000000704a00000, 0x000000070c780000, 0x0000000781900000)
  object space 128512K, 34% used [0x0000000704a00000,0x0000000707515ee8,0x000000070c780000)
 Metaspace       used 16418K, capacity 16646K, committed 16896K, reserved 1064960K
  class space    used 2209K, capacity 2267K, committed 2304K, reserved 1048576K
}
Event: 6.321 GC heap before
{Heap before GC invocations=7 (full 0):
 PSYoungGen      total 222208K, used 106740K [0x0000000781900000, 0x0000000791000000, 0x00000007c0000000)
  eden space 194560K, 47% used [0x0000000781900000,0x0000000787343a50,0x000000078d700000)
  from space 27648K, 51% used [0x000000078f500000,0x00000007902f98c8,0x0000000791000000)
  to   space 29184K, 0% used [0x000000078d700000,0x000000078d700000,0x000000078f380000)
 ParOldGen       total 128512K, used 44119K [0x0000000704a00000, 0x000000070c780000, 0x0000000781900000)
  object space 128512K, 34% used [0x0000000704a00000,0x0000000707515ee8,0x000000070c780000)
 Metaspace       used 20878K, capacity 21170K, committed 21296K, reserved 1067008K
  class space    used 2789K, capacity 2895K, committed 2944K, reserved 1048576K
Event: 6.361 GC heap after
Heap after GC invocations=7 (full 0):
 PSYoungGen      total 223744K, used 14556K [0x0000000781900000, 0x000000079cb00000, 0x00000007c0000000)
  eden space 194560K, 0% used [0x0000000781900000,0x0000000781900000,0x000000078d700000)
  from space 29184K, 49% used [0x000000078d700000,0x000000078e537198,0x000000078f380000)
  to   space 27648K, 0% used [0x000000079b000000,0x000000079b000000,0x000000079cb00000)
 ParOldGen       total 128512K, used 48070K [0x0000000704a00000, 0x000000070c780000, 0x0000000781900000)
  object space 128512K, 37% used [0x0000000704a00000,0x00000007078f1a58,0x000000070c780000)
 Metaspace       used 20878K, capacity 21170K, committed 21296K, reserved 1067008K
  class space    used 2789K, capacity 2895K, committed 2944K, reserved 1048576K
}
Event: 6.361 GC heap before
{Heap before GC invocations=8 (full 1):
 PSYoungGen      total 223744K, used 14556K [0x0000000781900000, 0x000000079cb00000, 0x00000007c0000000)
  eden space 194560K, 0% used [0x0000000781900000,0x0000000781900000,0x000000078d700000)
  from space 29184K, 49% used [0x000000078d700000,0x000000078e537198,0x000000078f380000)
  to   space 27648K, 0% used [0x000000079b000000,0x000000079b000000,0x000000079cb00000)
 ParOldGen       total 128512K, used 48070K [0x0000000704a00000, 0x000000070c780000, 0x0000000781900000)
  object space 128512K, 37% used [0x0000000704a00000,0x00000007078f1a58,0x000000070c780000)
 Metaspace       used 20878K, capacity 21170K, committed 21296K, reserved 1067008K
  class space    used 2789K, capacity 2895K, committed 2944K, reserved 1048576K
Event: 6.625 GC heap after
Heap after GC invocations=8 (full 1):
 PSYoungGen      total 223744K, used 0K [0x0000000781900000, 0x000000079cb00000, 0x00000007c0000000)
  eden space 194560K, 0% used [0x0000000781900000,0x0000000781900000,0x000000078d700000)
  from space 29184K, 0% used [0x000000078d700000,0x000000078d700000,0x000000078f380000)
  to   space 27648K, 0% used [0x000000079b000000,0x000000079b000000,0x000000079cb00000)
 ParOldGen       total 120832K, used 27141K [0x0000000704a00000, 0x000000070c000000, 0x0000000781900000)
  object space 120832K, 22% used [0x0000000704a00000,0x00000007064815a0,0x000000070c000000)
 Metaspace       used 20878K, capacity 21170K, committed 21296K, reserved 1067008K
  class space    used 2789K, capacity 2895K, committed 2944K, reserved 1048576K
}

